<?xml version="1.0" encoding="UTF-8"?>
<testsuites name="Sample Test Suite" tests="10" failures="2" errors="1" skipped="1" time="5.234">
    <testsuite name="tests.test_auth" tests="4" failures="1" errors="0" skipped="0" time="2.1" timestamp="2026-01-15T10:30:00">
        <testcase name="test_login_success" classname="tests.test_auth.TestAuth" time="0.5"/>
        <testcase name="test_login_invalid_password" classname="tests.test_auth.TestAuth" time="0.3"/>
        <testcase name="test_logout" classname="tests.test_auth.TestAuth" time="0.2"/>
        <testcase name="test_session_timeout" classname="tests.test_auth.TestAuth" time="1.1">
            <failure message="AssertionError: Session did not expire" type="AssertionError">
Traceback (most recent call last):
  File "tests/test_auth.py", line 45, in test_session_timeout
    assert session.is_expired()
AssertionError: Session did not expire
            </failure>
        </testcase>
    </testsuite>
    <testsuite name="tests.test_api" tests="3" failures="1" errors="0" skipped="0" time="1.8" timestamp="2026-01-15T10:30:02">
        <testcase name="test_get_users" classname="tests.test_api.TestAPI" time="0.8"/>
        <testcase name="test_create_user" classname="tests.test_api.TestAPI" time="0.6">
            <failure message="HTTPError: 500 Server Error" type="HTTPError">
Traceback (most recent call last):
  File "tests/test_api.py", line 28, in test_create_user
    response = api.create_user(data)
HTTPError: 500 Server Error
            </failure>
        </testcase>
        <testcase name="test_delete_user" classname="tests.test_api.TestAPI" time="0.4"/>
    </testsuite>
    <testsuite name="tests.test_database" tests="3" failures="0" errors="1" skipped="1" time="1.334" timestamp="2026-01-15T10:30:04">
        <testcase name="test_connection" classname="tests.test_database.TestDB" time="0.234"/>
        <testcase name="test_query_timeout" classname="tests.test_database.TestDB" time="1.0">
            <error message="ConnectionError: Database unavailable" type="ConnectionError">
Traceback (most recent call last):
  File "tests/test_database.py", line 15, in test_query_timeout
    db.execute("SELECT * FROM large_table")
ConnectionError: Database unavailable
            </error>
        </testcase>
        <testcase name="test_migration" classname="tests.test_database.TestDB" time="0.1">
            <skipped message="Migration not ready for testing"/>
        </testcase>
    </testsuite>
</testsuites>
